#! /c/Source/iverilog-install/bin/vvp
:ivl_version "12.0 (devel)" "(s20150603-1539-g2693dd32b)";
:ivl_delay_selection "TYPICAL";
:vpi_time_precision + 0;
:vpi_module "C:\iverilog\lib\ivl\system.vpi";
:vpi_module "C:\iverilog\lib\ivl\vhdl_sys.vpi";
:vpi_module "C:\iverilog\lib\ivl\vhdl_textio.vpi";
:vpi_module "C:\iverilog\lib\ivl\v2005_math.vpi";
:vpi_module "C:\iverilog\lib\ivl\va_math.vpi";
S_000001a49ee8c790 .scope module, "FSM_tb" "FSM_tb" 2 3;
 .timescale 0 0;
v000001a49eee9530_0 .var "clk", 0 0;
v000001a49eee97b0_0 .var "op", 0 0;
v000001a49eee90d0_0 .net "rw", 0 0, L_000001a49ee8a5f0;  1 drivers
v000001a49eee9710_0 .var "sel", 0 0;
v000001a49eee9ad0_0 .net "valid", 0 0, L_000001a49ee89e80;  1 drivers
S_000001a49ee96a40 .scope module, "fsm1" "fsm" 2 10, 3 3 0, S_000001a49ee8c790;
 .timescale 0 0;
    .port_info 0 /INPUT 1 "op";
    .port_info 1 /INPUT 1 "sel";
    .port_info 2 /INPUT 1 "clk";
    .port_info 3 /OUTPUT 1 "valid";
    .port_info 4 /OUTPUT 1 "rw";
L_000001a49ee89780 .functor AND 1, v000001a49eee97b0_0, v000001a49eee9710_0, C4<1>, C4<1>;
L_000001a49ee89940 .functor OR 1, L_000001a49ee89780, L_000001a49ee89f60, C4<0>, C4<0>;
L_000001a49ee89f60 .functor NOT 1, L_000001a49ee89cc0, C4<0>, C4<0>, C4<0>;
L_000001a49ee89cc0 .functor NAND 1, L_000001a49ee89e80, L_000001a49ee8a5f0, C4<1>, C4<1>;
L_000001a49ee899b0 .functor AND 1, L_000001a49ee89cc0, v000001a49eee9710_0, C4<1>, C4<1>;
v000001a49ee8b260_0 .net "P0", 0 0, L_000001a49ee89780;  1 drivers
v000001a49ee8b440_0 .net "P1", 0 0, L_000001a49ee89f60;  1 drivers
v000001a49ee8b300_0 .net "P2", 0 0, L_000001a49ee89cc0;  1 drivers
v000001a49ee8a900_0 .net "P3", 0 0, L_000001a49ee89940;  1 drivers
v000001a49ee8a9a0_0 .net "P4", 0 0, L_000001a49ee899b0;  1 drivers
v000001a49eee9210_0 .net "clk", 0 0, v000001a49eee9530_0;  1 drivers
v000001a49eeea610_0 .net "op", 0 0, v000001a49eee97b0_0;  1 drivers
v000001a49eeea070_0 .net "rw", 0 0, L_000001a49ee8a5f0;  alias, 1 drivers
v000001a49eee9670_0 .net "sel", 0 0, v000001a49eee9710_0;  1 drivers
v000001a49eee8c70_0 .net "valid", 0 0, L_000001a49ee89e80;  alias, 1 drivers
S_000001a49ee96bd0 .scope module, "ff1" "flipflop" 3 24, 4 1 0, S_000001a49ee96a40;
 .timescale 0 0;
    .port_info 0 /INPUT 1 "inp";
    .port_info 1 /INPUT 1 "clk";
    .port_info 2 /OUTPUT 1 "outp";
L_000001a49ee89c50 .functor NOT 1, v000001a49eee9530_0, C4<0>, C4<0>, C4<0>;
L_000001a49ee89a20 .functor AND 1, v000001a49eee9530_0, L_000001a49ee89c50, C4<1>, C4<1>;
L_000001a49ee8a040 .functor NOT 1, L_000001a49ee89940, C4<0>, C4<0>, C4<0>;
L_000001a49ee89710 .functor NAND 1, L_000001a49ee89940, L_000001a49ee89a20, C4<1>, C4<1>;
L_000001a49ee89a90 .functor NAND 1, L_000001a49ee8a040, L_000001a49ee89a20, C4<1>, C4<1>;
L_000001a49ee89e80 .functor NAND 1, L_000001a49ee89710, L_000001a49ee8a580, C4<1>, C4<1>;
L_000001a49ee8a580 .functor NAND 1, L_000001a49ee89a90, L_000001a49ee89e80, C4<1>, C4<1>;
v000001a49ee8b3a0_0 .net "P0", 0 0, L_000001a49ee89710;  1 drivers
v000001a49ee8af40_0 .net "P1", 0 0, L_000001a49ee89a90;  1 drivers
v000001a49ee8b4e0_0 .net "clk", 0 0, v000001a49eee9530_0;  alias, 1 drivers
v000001a49ee8aae0_0 .net "clkN", 0 0, L_000001a49ee89c50;  1 drivers
v000001a49ee8afe0_0 .net "clkPE", 0 0, L_000001a49ee89a20;  1 drivers
v000001a49ee8b120_0 .net "inp", 0 0, L_000001a49ee89940;  alias, 1 drivers
v000001a49ee8b1c0_0 .net "inpn", 0 0, L_000001a49ee8a040;  1 drivers
v000001a49ee8ac20_0 .net "outp", 0 0, L_000001a49ee89e80;  alias, 1 drivers
v000001a49ee8a7c0_0 .net "outpn", 0 0, L_000001a49ee8a580;  1 drivers
S_000001a49ee466d0 .scope module, "ff2" "flipflop" 3 30, 4 1 0, S_000001a49ee96a40;
 .timescale 0 0;
    .port_info 0 /INPUT 1 "inp";
    .port_info 1 /INPUT 1 "clk";
    .port_info 2 /OUTPUT 1 "outp";
L_000001a49ee89b00 .functor NOT 1, v000001a49eee9530_0, C4<0>, C4<0>, C4<0>;
L_000001a49ee89d30 .functor AND 1, v000001a49eee9530_0, L_000001a49ee89b00, C4<1>, C4<1>;
L_000001a49ee89fd0 .functor NOT 1, L_000001a49ee899b0, C4<0>, C4<0>, C4<0>;
L_000001a49ee89da0 .functor NAND 1, L_000001a49ee899b0, L_000001a49ee89d30, C4<1>, C4<1>;
L_000001a49ee8a0b0 .functor NAND 1, L_000001a49ee89fd0, L_000001a49ee89d30, C4<1>, C4<1>;
L_000001a49ee8a5f0 .functor NAND 1, L_000001a49ee89da0, L_000001a49ee89860, C4<1>, C4<1>;
L_000001a49ee89860 .functor NAND 1, L_000001a49ee8a0b0, L_000001a49ee8a5f0, C4<1>, C4<1>;
v000001a49ee8acc0_0 .net "P0", 0 0, L_000001a49ee89da0;  1 drivers
v000001a49ee8ab80_0 .net "P1", 0 0, L_000001a49ee8a0b0;  1 drivers
v000001a49ee8b580_0 .net "clk", 0 0, v000001a49eee9530_0;  alias, 1 drivers
v000001a49ee8b080_0 .net "clkN", 0 0, L_000001a49ee89b00;  1 drivers
v000001a49ee8b620_0 .net "clkPE", 0 0, L_000001a49ee89d30;  1 drivers
v000001a49ee8b6c0_0 .net "inp", 0 0, L_000001a49ee899b0;  alias, 1 drivers
v000001a49ee8ae00_0 .net "inpn", 0 0, L_000001a49ee89fd0;  1 drivers
v000001a49ee8a860_0 .net "outp", 0 0, L_000001a49ee8a5f0;  alias, 1 drivers
v000001a49ee8aea0_0 .net "outpn", 0 0, L_000001a49ee89860;  1 drivers
    .scope S_000001a49ee8c790;
T_0 ;
    %delay 5, 0;
    %pushi/vec4 1, 0, 1;
    %store/vec4 v000001a49eee9530_0, 0, 1;
    %delay 5, 0;
    %pushi/vec4 0, 0, 1;
    %store/vec4 v000001a49eee9530_0, 0, 1;
    %jmp T_0;
    .thread T_0;
    .scope S_000001a49ee8c790;
T_1 ;
    %vpi_call 2 24 "$dumpfile", "FSM_waveform.vcd" {0 0 0};
    %vpi_call 2 25 "$dumpvars", 32'sb00000000000000000000000000000001, S_000001a49ee8c790 {0 0 0};
    %pushi/vec4 0, 0, 1;
    %store/vec4 v000001a49eee9530_0, 0, 1;
    %pushi/vec4 0, 0, 1;
    %store/vec4 v000001a49eee97b0_0, 0, 1;
    %pushi/vec4 0, 0, 1;
    %store/vec4 v000001a49eee9710_0, 0, 1;
    %delay 10, 0;
    %pushi/vec4 0, 0, 1;
    %assign/vec4 v000001a49eee97b0_0, 0;
    %pushi/vec4 1, 0, 1;
    %assign/vec4 v000001a49eee9710_0, 0;
    %delay 20, 0;
    %delay 10, 0;
    %pushi/vec4 1, 0, 1;
    %assign/vec4 v000001a49eee97b0_0, 0;
    %pushi/vec4 1, 0, 1;
    %assign/vec4 v000001a49eee9710_0, 0;
    %delay 20, 0;
    %delay 10, 0;
    %pushi/vec4 0, 0, 1;
    %assign/vec4 v000001a49eee97b0_0, 0;
    %pushi/vec4 0, 0, 1;
    %assign/vec4 v000001a49eee9710_0, 0;
    %delay 100, 0;
    %vpi_call 2 37 "$finish" {0 0 0};
    %end;
    .thread T_1;
# The file index is used to find the file name in the following table.
:file_names 5;
    "N/A";
    "<interactive>";
    ".\FSM_tb.v";
    "./FSM.v";
    "./flipflop.v";
